This file contains any messages produced by compilers while
running configure, to aid debugging if configure makes a mistake.

It was created by configure, which was
generated by GNU Autoconf 2.60.  Invocation command line was

  $ /home/portilla/3T/configure 

## --------- ##
## Platform. ##
## --------- ##

hostname = sonar
uname -m = i686
uname -r = 2.6.16-2-686-smp
uname -s = Linux
uname -v = #1 SMP Fri Aug 18 19:25:21 UTC 2006

/usr/bin/uname -p = unknown
/bin/uname -X     = unknown

/bin/arch              = i686
/usr/bin/arch -k       = unknown
/usr/convex/getsysinfo = unknown
/usr/bin/hostinfo      = unknown
/bin/machine           = unknown
/usr/bin/oslevel       = unknown
/bin/universe          = unknown

PATH: /usr/local/bin
PATH: /usr/bin
PATH: /bin
PATH: /usr/bin/X11
PATH: /usr/games


## ----------- ##
## Core tests. ##
## ----------- ##

configure:1946: checking for a BSD-compatible install
configure:2002: result: /usr/bin/install -c
configure:2013: checking whether build environment is sane
configure:2056: result: yes
configure:2089: checking for gawk
configure:2119: result: no
configure:2089: checking for mawk
configure:2105: found /usr/bin/mawk
configure:2116: result: mawk
configure:2127: checking whether make sets $(MAKE)
configure:2148: result: yes
configure:2393: checking for g++
configure:2409: found /usr/bin/g++
configure:2420: result: g++
configure:2451: checking for C++ compiler version
configure:2458: g++ --version >&5
g++ (GCC) 4.1.2 20060901 (prerelease) (Debian 4.1.1-13)
Copyright (C) 2006 Free Software Foundation, Inc.
This is free software; see the source for copying conditions.  There is NO
warranty; not even for MERCHANTABILITY or FITNESS FOR A PARTICULAR PURPOSE.

configure:2461: $? = 0
configure:2468: g++ -v >&5
Using built-in specs.
Target: i486-linux-gnu
Configured with: ../src/configure -v --enable-languages=c,c++,fortran,objc,obj-c++,treelang --prefix=/usr --enable-shared --with-system-zlib --libexecdir=/usr/lib --without-included-gettext --enable-threads=posix --enable-nls --program-suffix=-4.1 --enable-__cxa_atexit --enable-clocale=gnu --enable-libstdcxx-debug --enable-mpfr --with-tune=i686 --enable-checking=release i486-linux-gnu
Thread model: posix
gcc version 4.1.2 20060901 (prerelease) (Debian 4.1.1-13)
configure:2471: $? = 0
configure:2478: g++ -V >&5
g++: '-V' option must have argument
configure:2481: $? = 1
configure:2504: checking for C++ compiler default output file name
configure:2531: g++  -I. -O2 -DSOCKLEN_T=socklen_t -D_LARGEFILE_SOURCE=1 -Wall -DBSD=1 -L/usr/share/qt3/lib -L/usr/X11R6/lib /home/portilla/Live/live/liveMedia/libliveMedia.a  /home/portilla/Live/live/groupsock/libgroupsock.a	 /home/portilla/Live/live/UsageEnvironment/libUsageEnvironment.a  /home/portilla/Live/live/BasicUsageEnvironment/libBasicUsageEnvironment.a -lSoQt -lqt-mt -lXext -lX11 -lm -lpthread -lavformat -lavcodec  conftest.cpp  >&5
configure:2534: $? = 0
configure:2580: result: a.out
configure:2585: checking whether the C++ compiler works
configure:2595: ./a.out
configure:2598: $? = 0
configure:2615: result: yes
configure:2622: checking whether we are cross compiling
configure:2624: result: no
configure:2627: checking for suffix of executables
configure:2634: g++ -o conftest  -I. -O2 -DSOCKLEN_T=socklen_t -D_LARGEFILE_SOURCE=1 -Wall -DBSD=1 -L/usr/share/qt3/lib -L/usr/X11R6/lib /home/portilla/Live/live/liveMedia/libliveMedia.a  /home/portilla/Live/live/groupsock/libgroupsock.a	 /home/portilla/Live/live/UsageEnvironment/libUsageEnvironment.a  /home/portilla/Live/live/BasicUsageEnvironment/libBasicUsageEnvironment.a -lSoQt -lqt-mt -lXext -lX11 -lm -lpthread -lavformat -lavcodec  conftest.cpp  >&5
configure:2637: $? = 0
configure:2661: result: 
configure:2667: checking for suffix of object files
configure:2693: g++ -c  -I. -O2 -DSOCKLEN_T=socklen_t -D_LARGEFILE_SOURCE=1 -Wall -DBSD=1 conftest.cpp >&5
configure:2696: $? = 0
configure:2719: result: o
configure:2723: checking whether we are using the GNU C++ compiler
configure:2752: g++ -c  -I. -O2 -DSOCKLEN_T=socklen_t -D_LARGEFILE_SOURCE=1 -Wall -DBSD=1 conftest.cpp >&5
configure:2758: $? = 0
configure:2765: test -z "$ac_cxx_werror_flag" || test ! -s conftest.err
configure:2768: $? = 0
configure:2775: test -s conftest.o
configure:2778: $? = 0
configure:2792: result: yes
configure:2797: checking whether g++ accepts -g
configure:2827: g++ -c -g -I. -O2 -DSOCKLEN_T=socklen_t -D_LARGEFILE_SOURCE=1 -Wall -DBSD=1 conftest.cpp >&5
configure:2833: $? = 0
configure:2840: test -z "$ac_cxx_werror_flag" || test ! -s conftest.err
configure:2843: $? = 0
configure:2850: test -s conftest.o
configure:2853: $? = 0
configure:2983: result: yes
configure:3017: checking for style of include used by make
configure:3045: result: GNU
configure:3073: checking dependency style of g++
configure:3156: result: gcc3
configure:3251: checking build system type
configure:3269: result: i686-pc-linux-gnu
configure:3291: checking host system type
configure:3306: result: i686-pc-linux-gnu
configure:3376: checking for gcc
configure:3392: found /usr/bin/gcc
configure:3403: result: gcc
configure:3641: checking for C compiler version
configure:3648: gcc --version >&5
gcc (GCC) 4.1.2 20060901 (prerelease) (Debian 4.1.1-13)
Copyright (C) 2006 Free Software Foundation, Inc.
This is free software; see the source for copying conditions.  There is NO
warranty; not even for MERCHANTABILITY or FITNESS FOR A PARTICULAR PURPOSE.

configure:3651: $? = 0
configure:3658: gcc -v >&5
Using built-in specs.
Target: i486-linux-gnu
Configured with: ../src/configure -v --enable-languages=c,c++,fortran,objc,obj-c++,treelang --prefix=/usr --enable-shared --with-system-zlib --libexecdir=/usr/lib --without-included-gettext --enable-threads=posix --enable-nls --program-suffix=-4.1 --enable-__cxa_atexit --enable-clocale=gnu --enable-libstdcxx-debug --enable-mpfr --with-tune=i686 --enable-checking=release i486-linux-gnu
Thread model: posix
gcc version 4.1.2 20060901 (prerelease) (Debian 4.1.1-13)
configure:3661: $? = 0
configure:3668: gcc -V >&5
gcc: '-V' option must have argument
configure:3671: $? = 1
configure:3674: checking whether we are using the GNU C compiler
configure:3703: gcc -c  -I. -O2 -DSOCKLEN_T=socklen_t -D_LARGEFILE_SOURCE=1 -Wall -DBSD=1 conftest.c >&5
configure:3709: $? = 0
configure:3716: test -z "$ac_c_werror_flag" || test ! -s conftest.err
configure:3719: $? = 0
configure:3726: test -s conftest.o
configure:3729: $? = 0
configure:3743: result: yes
configure:3748: checking whether gcc accepts -g
configure:3778: gcc -c -g -I. -O2 -DSOCKLEN_T=socklen_t -D_LARGEFILE_SOURCE=1 -Wall -DBSD=1 conftest.c >&5
configure:3784: $? = 0
configure:3791: test -z "$ac_c_werror_flag" || test ! -s conftest.err
configure:3794: $? = 0
configure:3801: test -s conftest.o
configure:3804: $? = 0
configure:3934: result: yes
configure:3951: checking for gcc option to accept ISO C89
configure:4025: gcc  -c -g -O2 -I. -O2 -DSOCKLEN_T=socklen_t -D_LARGEFILE_SOURCE=1 -Wall -DBSD=1 conftest.c >&5
configure:4031: $? = 0
configure:4038: test -z "$ac_c_werror_flag" || test ! -s conftest.err
configure:4041: $? = 0
configure:4048: test -s conftest.o
configure:4051: $? = 0
configure:4071: result: none needed
configure:4091: checking dependency style of gcc
configure:4174: result: gcc3
configure:4191: checking for a sed that does not truncate output
configure:4245: result: /bin/sed
configure:4248: checking for grep that handles long lines and -e
configure:4322: result: /bin/grep
configure:4327: checking for egrep
configure:4405: result: /bin/grep -E
configure:4421: checking for ld used by gcc
configure:4488: result: /usr/bin/ld
configure:4497: checking if the linker (/usr/bin/ld) is GNU ld
configure:4512: result: yes
configure:4517: checking for /usr/bin/ld option to reload object files
configure:4524: result: -r
configure:4542: checking for BSD-compatible nm
configure:4591: result: /usr/bin/nm -B
configure:4595: checking whether ln -s works
configure:4599: result: yes
configure:4606: checking how to recognise dependent libraries
configure:4782: result: pass_all
configure:5032: checking how to run the C preprocessor
configure:5072: gcc -E -I. -O2 -DSOCKLEN_T=socklen_t -D_LARGEFILE_SOURCE=1 -Wall -DBSD=1 conftest.c
configure:5078: $? = 0
configure:5116: gcc -E -I. -O2 -DSOCKLEN_T=socklen_t -D_LARGEFILE_SOURCE=1 -Wall -DBSD=1 conftest.c
conftest.c:10:28: error: ac_nonexistent.h: No such file or directory
configure:5122: $? = 1
configure: failed program was:
| /* confdefs.h.  */
| #define PACKAGE_NAME ""
| #define PACKAGE_TARNAME ""
| #define PACKAGE_VERSION ""
| #define PACKAGE_STRING ""
| #define PACKAGE_BUGREPORT ""
| #define PACKAGE "client"
| #define VERSION "0.1"
| /* end confdefs.h.  */
| #include <ac_nonexistent.h>
configure:5162: result: gcc -E
configure:5191: gcc -E -I. -O2 -DSOCKLEN_T=socklen_t -D_LARGEFILE_SOURCE=1 -Wall -DBSD=1 conftest.c
configure:5197: $? = 0
configure:5235: gcc -E -I. -O2 -DSOCKLEN_T=socklen_t -D_LARGEFILE_SOURCE=1 -Wall -DBSD=1 conftest.c
conftest.c:10:28: error: ac_nonexistent.h: No such file or directory
configure:5241: $? = 1
configure: failed program was:
| /* confdefs.h.  */
| #define PACKAGE_NAME ""
| #define PACKAGE_TARNAME ""
| #define PACKAGE_VERSION ""
| #define PACKAGE_STRING ""
| #define PACKAGE_BUGREPORT ""
| #define PACKAGE "client"
| #define VERSION "0.1"
| /* end confdefs.h.  */
| #include <ac_nonexistent.h>
configure:5286: checking for ANSI C header files
configure:5316: gcc -c -g -O2 -I. -O2 -DSOCKLEN_T=socklen_t -D_LARGEFILE_SOURCE=1 -Wall -DBSD=1 conftest.c >&5
configure:5322: $? = 0
configure:5329: test -z "$ac_c_werror_flag" || test ! -s conftest.err
configure:5332: $? = 0
configure:5339: test -s conftest.o
configure:5342: $? = 0
configure:5438: gcc -o conftest -g -O2 -I. -O2 -DSOCKLEN_T=socklen_t -D_LARGEFILE_SOURCE=1 -Wall -DBSD=1 -L/usr/share/qt3/lib -L/usr/X11R6/lib /home/portilla/Live/live/liveMedia/libliveMedia.a  /home/portilla/Live/live/groupsock/libgroupsock.a	 /home/portilla/Live/live/UsageEnvironment/libUsageEnvironment.a  /home/portilla/Live/live/BasicUsageEnvironment/libBasicUsageEnvironment.a -lSoQt -lqt-mt -lXext -lX11 -lm -lpthread -lavformat -lavcodec  conftest.c  >&5
configure:5441: $? = 0
configure:5447: ./conftest
configure:5450: $? = 0
configure:5467: result: yes
configure:5491: checking for sys/types.h
configure:5512: gcc -c -g -O2 -I. -O2 -DSOCKLEN_T=socklen_t -D_LARGEFILE_SOURCE=1 -Wall -DBSD=1 conftest.c >&5
configure:5518: $? = 0
configure:5525: test -z "$ac_c_werror_flag" || test ! -s conftest.err
configure:5528: $? = 0
configure:5535: test -s conftest.o
configure:5538: $? = 0
configure:5551: result: yes
configure:5491: checking for sys/stat.h
configure:5512: gcc -c -g -O2 -I. -O2 -DSOCKLEN_T=socklen_t -D_LARGEFILE_SOURCE=1 -Wall -DBSD=1 conftest.c >&5
configure:5518: $? = 0
configure:5525: test -z "$ac_c_werror_flag" || test ! -s conftest.err
configure:5528: $? = 0
configure:5535: test -s conftest.o
configure:5538: $? = 0
configure:5551: result: yes
configure:5491: checking for stdlib.h
configure:5512: gcc -c -g -O2 -I. -O2 -DSOCKLEN_T=socklen_t -D_LARGEFILE_SOURCE=1 -Wall -DBSD=1 conftest.c >&5
configure:5518: $? = 0
configure:5525: test -z "$ac_c_werror_flag" || test ! -s conftest.err
configure:5528: $? = 0
configure:5535: test -s conftest.o
configure:5538: $? = 0
configure:5551: result: yes
configure:5491: checking for string.h
configure:5512: gcc -c -g -O2 -I. -O2 -DSOCKLEN_T=socklen_t -D_LARGEFILE_SOURCE=1 -Wall -DBSD=1 conftest.c >&5
configure:5518: $? = 0
configure:5525: test -z "$ac_c_werror_flag" || test ! -s conftest.err
configure:5528: $? = 0
configure:5535: test -s conftest.o
configure:5538: $? = 0
configure:5551: result: yes
configure:5491: checking for memory.h
configure:5512: gcc -c -g -O2 -I. -O2 -DSOCKLEN_T=socklen_t -D_LARGEFILE_SOURCE=1 -Wall -DBSD=1 conftest.c >&5
configure:5518: $? = 0
configure:5525: test -z "$ac_c_werror_flag" || test ! -s conftest.err
configure:5528: $? = 0
configure:5535: test -s conftest.o
configure:5538: $? = 0
configure:5551: result: yes
configure:5491: checking for strings.h
configure:5512: gcc -c -g -O2 -I. -O2 -DSOCKLEN_T=socklen_t -D_LARGEFILE_SOURCE=1 -Wall -DBSD=1 conftest.c >&5
configure:5518: $? = 0
configure:5525: test -z "$ac_c_werror_flag" || test ! -s conftest.err
configure:5528: $? = 0
configure:5535: test -s conftest.o
configure:5538: $? = 0
configure:5551: result: yes
configure:5491: checking for inttypes.h
configure:5512: gcc -c -g -O2 -I. -O2 -DSOCKLEN_T=socklen_t -D_LARGEFILE_SOURCE=1 -Wall -DBSD=1 conftest.c >&5
configure:5518: $? = 0
configure:5525: test -z "$ac_c_werror_flag" || test ! -s conftest.err
configure:5528: $? = 0
configure:5535: test -s conftest.o
configure:5538: $? = 0
configure:5551: result: yes
configure:5491: checking for stdint.h
configure:5512: gcc -c -g -O2 -I. -O2 -DSOCKLEN_T=socklen_t -D_LARGEFILE_SOURCE=1 -Wall -DBSD=1 conftest.c >&5
configure:5518: $? = 0
configure:5525: test -z "$ac_c_werror_flag" || test ! -s conftest.err
configure:5528: $? = 0
configure:5535: test -s conftest.o
configure:5538: $? = 0
configure:5551: result: yes
configure:5491: checking for unistd.h
configure:5512: gcc -c -g -O2 -I. -O2 -DSOCKLEN_T=socklen_t -D_LARGEFILE_SOURCE=1 -Wall -DBSD=1 conftest.c >&5
configure:5518: $? = 0
configure:5525: test -z "$ac_c_werror_flag" || test ! -s conftest.err
configure:5528: $? = 0
configure:5535: test -s conftest.o
configure:5538: $? = 0
configure:5551: result: yes
configure:5578: checking dlfcn.h usability
configure:5595: gcc -c -g -O2 -I. -O2 -DSOCKLEN_T=socklen_t -D_LARGEFILE_SOURCE=1 -Wall -DBSD=1 conftest.c >&5
configure:5601: $? = 0
configure:5608: test -z "$ac_c_werror_flag" || test ! -s conftest.err
configure:5611: $? = 0
configure:5618: test -s conftest.o
configure:5621: $? = 0
configure:5632: result: yes
configure:5636: checking dlfcn.h presence
configure:5651: gcc -E -I. -O2 -DSOCKLEN_T=socklen_t -D_LARGEFILE_SOURCE=1 -Wall -DBSD=1 conftest.c
configure:5657: $? = 0
configure:5678: result: yes
configure:5706: checking for dlfcn.h
configure:5714: result: yes
configure:5737: checking how to run the C++ preprocessor
configure:5773: g++ -E -I. -O2 -DSOCKLEN_T=socklen_t -D_LARGEFILE_SOURCE=1 -Wall -DBSD=1 conftest.cpp
configure:5779: $? = 0
configure:5817: g++ -E -I. -O2 -DSOCKLEN_T=socklen_t -D_LARGEFILE_SOURCE=1 -Wall -DBSD=1 conftest.cpp
conftest.cpp:21:28: error: ac_nonexistent.h: No such file or directory
configure:5823: $? = 1
configure: failed program was:
| /* confdefs.h.  */
| #define PACKAGE_NAME ""
| #define PACKAGE_TARNAME ""
| #define PACKAGE_VERSION ""
| #define PACKAGE_STRING ""
| #define PACKAGE_BUGREPORT ""
| #define PACKAGE "client"
| #define VERSION "0.1"
| #define STDC_HEADERS 1
| #define HAVE_SYS_TYPES_H 1
| #define HAVE_SYS_STAT_H 1
| #define HAVE_STDLIB_H 1
| #define HAVE_STRING_H 1
| #define HAVE_MEMORY_H 1
| #define HAVE_STRINGS_H 1
| #define HAVE_INTTYPES_H 1
| #define HAVE_STDINT_H 1
| #define HAVE_UNISTD_H 1
| #define HAVE_DLFCN_H 1
| /* end confdefs.h.  */
| #include <ac_nonexistent.h>
configure:5863: result: g++ -E
configure:5892: g++ -E -I. -O2 -DSOCKLEN_T=socklen_t -D_LARGEFILE_SOURCE=1 -Wall -DBSD=1 conftest.cpp
configure:5898: $? = 0
configure:5936: g++ -E -I. -O2 -DSOCKLEN_T=socklen_t -D_LARGEFILE_SOURCE=1 -Wall -DBSD=1 conftest.cpp
conftest.cpp:21:28: error: ac_nonexistent.h: No such file or directory
configure:5942: $? = 1
configure: failed program was:
| /* confdefs.h.  */
| #define PACKAGE_NAME ""
| #define PACKAGE_TARNAME ""
| #define PACKAGE_VERSION ""
| #define PACKAGE_STRING ""
| #define PACKAGE_BUGREPORT ""
| #define PACKAGE "client"
| #define VERSION "0.1"
| #define STDC_HEADERS 1
| #define HAVE_SYS_TYPES_H 1
| #define HAVE_SYS_STAT_H 1
| #define HAVE_STDLIB_H 1
| #define HAVE_STRING_H 1
| #define HAVE_MEMORY_H 1
| #define HAVE_STRINGS_H 1
| #define HAVE_INTTYPES_H 1
| #define HAVE_STDINT_H 1
| #define HAVE_UNISTD_H 1
| #define HAVE_DLFCN_H 1
| /* end confdefs.h.  */
| #include <ac_nonexistent.h>
configure:6042: checking for g77
configure:6072: result: no
configure:6042: checking for f77
configure:6072: result: no
configure:6042: checking for xlf
configure:6072: result: no
configure:6042: checking for frt
configure:6072: result: no
configure:6042: checking for pgf77
configure:6072: result: no
configure:6042: checking for cf77
configure:6072: result: no
configure:6042: checking for fort77
configure:6072: result: no
configure:6042: checking for fl32
configure:6072: result: no
configure:6042: checking for af77
configure:6072: result: no
configure:6042: checking for f90
configure:6072: result: no
configure:6042: checking for xlf90
configure:6072: result: no
configure:6042: checking for pgf90
configure:6072: result: no
configure:6042: checking for pghpf
configure:6072: result: no
configure:6042: checking for epcf90
configure:6072: result: no
configure:6042: checking for gfortran
configure:6072: result: no
configure:6042: checking for g95
configure:6072: result: no
configure:6042: checking for f95
configure:6072: result: no
configure:6042: checking for fort
configure:6072: result: no
configure:6042: checking for xlf95
configure:6072: result: no
configure:6042: checking for ifort
configure:6072: result: no
configure:6042: checking for ifc
configure:6072: result: no
configure:6042: checking for efc
configure:6072: result: no
configure:6042: checking for pgf95
configure:6072: result: no
configure:6042: checking for lf95
configure:6072: result: no
configure:6042: checking for ftn
configure:6072: result: no
configure:6099: checking for Fortran 77 compiler version
configure:6106:  --version >&5
/home/portilla/3T/configure: line 6107: --version: command not found
configure:6109: $? = 127
configure:6116:  -v >&5
/home/portilla/3T/configure: line 6117: -v: command not found
configure:6119: $? = 127
configure:6126:  -V >&5
/home/portilla/3T/configure: line 6127: -V: command not found
configure:6129: $? = 127
configure:6137: checking whether we are using the GNU Fortran 77 compiler
configure:6156:  -c  conftest.F >&5
/home/portilla/3T/configure: line 6157: -c: command not found
configure:6162: $? = 127
configure: failed program was:
|       program main
| #ifndef __GNUC__
|        choke me
| #endif
| 
|       end
configure:6196: result: no
configure:6202: checking whether  accepts -g
configure:6219:  -c -g conftest.f >&5
/home/portilla/3T/configure: line 6220: -c: command not found
configure:6225: $? = 127
configure: failed program was:
|       program main
| 
|       end
configure:6258: result: no
configure:6288: checking the maximum length of command line arguments
configure:6397: result: 32768
configure:6408: checking command to parse /usr/bin/nm -B output from gcc object
configure:6513: g++ -c -g -O2 -I. -O2 -DSOCKLEN_T=socklen_t -D_LARGEFILE_SOURCE=1 -Wall -DBSD=1 conftest.cpp >&5
configure:6516: $? = 0
configure:6520: /usr/bin/nm -B conftest.o \| sed -n -e 's/^.*[ 	]\([ABCDGIRSTW][ABCDGIRSTW]*\)[ 	][ 	]*\([_A-Za-z][_A-Za-z0-9]*\)$/\1 \2 \2/p' \> conftest.nm
configure:6523: $? = 0
configure:6575: g++ -o conftest -g -O2 -I. -O2 -DSOCKLEN_T=socklen_t -D_LARGEFILE_SOURCE=1 -Wall -DBSD=1 -L/usr/share/qt3/lib -L/usr/X11R6/lib /home/portilla/Live/live/liveMedia/libliveMedia.a  /home/portilla/Live/live/groupsock/libgroupsock.a	 /home/portilla/Live/live/UsageEnvironment/libUsageEnvironment.a  /home/portilla/Live/live/BasicUsageEnvironment/libBasicUsageEnvironment.a -lSoQt -lqt-mt -lXext -lX11 -lm -lpthread -lavformat -lavcodec  conftest.cpp conftstm.o >&5
configure:6578: $? = 0
configure:6616: result: ok
configure:6620: checking for objdir
configure:6635: result: .libs
configure:6727: checking for ar
configure:6743: found /usr/bin/ar
configure:6754: result: ar
configure:6823: checking for ranlib
configure:6839: found /usr/bin/ranlib
configure:6850: result: ranlib
configure:6919: checking for strip
configure:6935: found /usr/bin/strip
configure:6946: result: strip
configure:7232: checking if gcc supports -fno-rtti -fno-exceptions
configure:7250: gcc -c -g -O2 -I. -O2 -DSOCKLEN_T=socklen_t -D_LARGEFILE_SOURCE=1 -Wall -DBSD=1 -fno-rtti -fno-exceptions conftest.c >&5
cc1: warning: command line option "-fno-rtti" is valid for C++/ObjC++ but not for C
configure:7254: $? = 0
configure:7267: result: no
configure:7282: checking for gcc option to produce PIC
configure:7492: result: -fPIC
configure:7500: checking if gcc PIC flag -fPIC works
configure:7518: gcc -c -g -O2 -I. -O2 -DSOCKLEN_T=socklen_t -D_LARGEFILE_SOURCE=1 -Wall -DBSD=1 -fPIC -DPIC conftest.c >&5
configure:7522: $? = 0
configure:7535: result: yes
configure:7563: checking if gcc static flag -static works
configure:7591: result: no
configure:7601: checking if gcc supports -c -o file.o
configure:7622: gcc -c -g -O2 -I. -O2 -DSOCKLEN_T=socklen_t -D_LARGEFILE_SOURCE=1 -Wall -DBSD=1 -o out/conftest2.o conftest.c >&5
configure:7626: $? = 0
configure:7648: result: yes
configure:7674: checking whether the gcc linker (/usr/bin/ld) supports shared libraries
configure:8661: result: yes
configure:8682: checking whether -lc should be explicitly linked in
configure:8687: gcc -c -g -O2 -I. -O2 -DSOCKLEN_T=socklen_t -D_LARGEFILE_SOURCE=1 -Wall -DBSD=1 conftest.c >&5
configure:8690: $? = 0
configure:8705: gcc -shared conftest.o  -v -Wl,-soname -Wl,conftest -o conftest 2\>\&1 \| grep  -lc  \>/dev/null 2\>\&1
configure:8708: $? = 0
configure:8720: result: no
configure:8728: checking dynamic linker characteristics
configure:9304: result: GNU/Linux ld.so
configure:9313: checking how to hardcode library paths into programs
configure:9338: result: immediate
configure:9352: checking whether stripping libraries is possible
configure:9357: result: yes
configure:10270: checking if libtool supports shared libraries
configure:10272: result: yes
configure:10275: checking whether to build shared libraries
configure:10296: result: yes
configure:10299: checking whether to build static libraries
configure:10303: result: yes
configure:10395: creating libtool
configure:10983: checking for ld used by g++
configure:11050: result: /usr/bin/ld
configure:11059: checking if the linker (/usr/bin/ld) is GNU ld
configure:11074: result: yes
configure:11125: checking whether the g++ linker (/usr/bin/ld) supports shared libraries
configure:12091: result: yes
configure:12109: g++ -c -g -O2 -I. -O2 -DSOCKLEN_T=socklen_t -D_LARGEFILE_SOURCE=1 -Wall -DBSD=1 conftest.cpp >&5
configure:12112: $? = 0
configure:12231: checking for g++ option to produce PIC
configure:12505: result: -fPIC
configure:12513: checking if g++ PIC flag -fPIC works
configure:12531: g++ -c -g -O2 -I. -O2 -DSOCKLEN_T=socklen_t -D_LARGEFILE_SOURCE=1 -Wall -DBSD=1 -fPIC -DPIC conftest.cpp >&5
configure:12535: $? = 0
configure:12548: result: yes
configure:12576: checking if g++ static flag -static works
configure:12604: result: no
configure:12614: checking if g++ supports -c -o file.o
configure:12635: g++ -c -g -O2 -I. -O2 -DSOCKLEN_T=socklen_t -D_LARGEFILE_SOURCE=1 -Wall -DBSD=1 -o out/conftest2.o conftest.cpp >&5
configure:12639: $? = 0
configure:12661: result: yes
configure:12687: checking whether the g++ linker (/usr/bin/ld) supports shared libraries
configure:12715: result: yes
configure:12782: checking dynamic linker characteristics
configure:13358: result: GNU/Linux ld.so
configure:13367: checking how to hardcode library paths into programs
configure:13392: result: immediate
configure:19698: creating ./config.status

## ---------------------- ##
## Running config.status. ##
## ---------------------- ##

This file was extended by config.status, which was
generated by GNU Autoconf 2.60.  Invocation command line was

  CONFIG_FILES    = 
  CONFIG_HEADERS  = 
  CONFIG_LINKS    = 
  CONFIG_COMMANDS = 
  $ ./config.status 

on sonar

config.status:644: creating Makefile
config.status:644: creating src/Makefile
config.status:644: creating config.h
config.status:865: config.h is unchanged
config.status:911: executing depfiles commands

## ---------------- ##
## Cache variables. ##
## ---------------- ##

ac_cv_build=i686-pc-linux-gnu
ac_cv_c_compiler_gnu=yes
ac_cv_cxx_compiler_gnu=yes
ac_cv_env_CCC_set=
ac_cv_env_CCC_value=
ac_cv_env_CC_set=
ac_cv_env_CC_value=
ac_cv_env_CFLAGS_set=
ac_cv_env_CFLAGS_value=
ac_cv_env_CPPFLAGS_set=set
ac_cv_env_CPPFLAGS_value='-I. -O2 -DSOCKLEN_T=socklen_t -D_LARGEFILE_SOURCE=1 -Wall -DBSD=1'
ac_cv_env_CPP_set=
ac_cv_env_CPP_value=
ac_cv_env_CXXCPP_set=
ac_cv_env_CXXCPP_value=
ac_cv_env_CXXFLAGS_set=
ac_cv_env_CXXFLAGS_value=
ac_cv_env_CXX_set=
ac_cv_env_CXX_value=
ac_cv_env_F77_set=
ac_cv_env_F77_value=
ac_cv_env_FFLAGS_set=
ac_cv_env_FFLAGS_value=
ac_cv_env_LDFLAGS_set=set
ac_cv_env_LDFLAGS_value='-L/usr/share/qt3/lib -L/usr/X11R6/lib /home/portilla/Live/live/liveMedia/libliveMedia.a  /home/portilla/Live/live/groupsock/libgroupsock.a	 /home/portilla/Live/live/UsageEnvironment/libUsageEnvironment.a  /home/portilla/Live/live/BasicUsageEnvironment/libBasicUsageEnvironment.a -lSoQt -lqt-mt -lXext -lX11 -lm -lpthread -lavformat -lavcodec '
ac_cv_env_build_alias_set=
ac_cv_env_build_alias_value=
ac_cv_env_host_alias_set=
ac_cv_env_host_alias_value=
ac_cv_env_target_alias_set=
ac_cv_env_target_alias_value=
ac_cv_f77_compiler_gnu=no
ac_cv_header_dlfcn_h=yes
ac_cv_header_inttypes_h=yes
ac_cv_header_memory_h=yes
ac_cv_header_stdc=yes
ac_cv_header_stdint_h=yes
ac_cv_header_stdlib_h=yes
ac_cv_header_string_h=yes
ac_cv_header_strings_h=yes
ac_cv_header_sys_stat_h=yes
ac_cv_header_sys_types_h=yes
ac_cv_header_unistd_h=yes
ac_cv_host=i686-pc-linux-gnu
ac_cv_objext=o
ac_cv_path_EGREP='/bin/grep -E'
ac_cv_path_GREP=/bin/grep
ac_cv_path_install='/usr/bin/install -c'
ac_cv_prog_AWK=mawk
ac_cv_prog_CPP='gcc -E'
ac_cv_prog_CXXCPP='g++ -E'
ac_cv_prog_ac_ct_AR=ar
ac_cv_prog_ac_ct_CC=gcc
ac_cv_prog_ac_ct_CXX=g++
ac_cv_prog_ac_ct_RANLIB=ranlib
ac_cv_prog_ac_ct_STRIP=strip
ac_cv_prog_cc_c89=
ac_cv_prog_cc_g=yes
ac_cv_prog_cxx_g=yes
ac_cv_prog_f77_g=no
ac_cv_prog_make_make_set=yes
am_cv_CC_dependencies_compiler_type=gcc3
am_cv_CXX_dependencies_compiler_type=gcc3
lt_cv_deplibs_check_method=pass_all
lt_cv_file_magic_cmd='$MAGIC_CMD'
lt_cv_file_magic_test_file=
lt_cv_ld_reload_flag=-r
lt_cv_objdir=.libs
lt_cv_path_LD=/usr/bin/ld
lt_cv_path_LDCXX=/usr/bin/ld
lt_cv_path_NM='/usr/bin/nm -B'
lt_cv_path_SED=/bin/sed
lt_cv_prog_compiler_c_o=yes
lt_cv_prog_compiler_c_o_CXX=yes
lt_cv_prog_compiler_rtti_exceptions=no
lt_cv_prog_gnu_ld=yes
lt_cv_prog_gnu_ldcxx=yes
lt_cv_sys_global_symbol_pipe='sed -n -e '\''s/^.*[ 	]\([ABCDGIRSTW][ABCDGIRSTW]*\)[ 	][ 	]*\([_A-Za-z][_A-Za-z0-9]*\)$/\1 \2 \2/p'\'''
lt_cv_sys_global_symbol_to_c_name_address='sed -n -e '\''s/^: \([^ ]*\) $/  {\"\1\", (lt_ptr) 0},/p'\'' -e '\''s/^[BCDEGRST] \([^ ]*\) \([^ ]*\)$/  {"\2", (lt_ptr) \&\2},/p'\'''
lt_cv_sys_global_symbol_to_cdecl='sed -n -e '\''s/^. .* \(.*\)$/extern int \1;/p'\'''
lt_cv_sys_max_cmd_len=32768
lt_lt_cv_prog_compiler_c_o='"yes"'
lt_lt_cv_prog_compiler_c_o_CXX='"yes"'
lt_lt_cv_sys_global_symbol_pipe='"sed -n -e '\''s/^.*[ 	]\\([ABCDGIRSTW][ABCDGIRSTW]*\\)[ 	][ 	]*\\([_A-Za-z][_A-Za-z0-9]*\\)\$/\\1 \\2 \\2/p'\''"'
lt_lt_cv_sys_global_symbol_to_c_name_address='"sed -n -e '\''s/^: \\([^ ]*\\) \$/  {\\\"\\1\\\", (lt_ptr) 0},/p'\'' -e '\''s/^[BCDEGRST] \\([^ ]*\\) \\([^ ]*\\)\$/  {\"\\2\", (lt_ptr) \\&\\2},/p'\''"'
lt_lt_cv_sys_global_symbol_to_cdecl='"sed -n -e '\''s/^. .* \\(.*\\)\$/extern int \\1;/p'\''"'

## ----------------- ##
## Output variables. ##
## ----------------- ##

ACLOCAL='${SHELL} /home/portilla/3T/missing --run aclocal-1.7'
AMDEPBACKSLASH='\'
AMDEP_FALSE='#'
AMDEP_TRUE=''
AMTAR='${SHELL} /home/portilla/3T/missing --run tar'
AR='ar'
AUTOCONF='${SHELL} /home/portilla/3T/missing --run autoconf'
AUTOHEADER='${SHELL} /home/portilla/3T/missing --run autoheader'
AUTOMAKE='${SHELL} /home/portilla/3T/missing --run automake-1.7'
AWK='mawk'
CC='gcc'
CCDEPMODE='depmode=gcc3'
CFLAGS='-g -O2'
CPP='gcc -E'
CPPFLAGS='-I. -O2 -DSOCKLEN_T=socklen_t -D_LARGEFILE_SOURCE=1 -Wall -DBSD=1'
CXX='g++'
CXXCPP='g++ -E'
CXXDEPMODE='depmode=gcc3'
CXXFLAGS='-g -O2'
CYGPATH_W='echo'
DEFS='-DHAVE_CONFIG_H'
DEPDIR='.deps'
ECHO='echo'
ECHO_C=''
ECHO_N='-n'
ECHO_T=''
EGREP='/bin/grep -E'
EXEEXT=''
F77=''
FFLAGS=''
GREP='/bin/grep'
INSTALL_DATA='${INSTALL} -m 644'
INSTALL_PROGRAM='${INSTALL}'
INSTALL_SCRIPT='${INSTALL}'
INSTALL_STRIP_PROGRAM='${SHELL} $(install_sh) -c -s'
LDFLAGS='-L/usr/share/qt3/lib -L/usr/X11R6/lib /home/portilla/Live/live/liveMedia/libliveMedia.a  /home/portilla/Live/live/groupsock/libgroupsock.a	 /home/portilla/Live/live/UsageEnvironment/libUsageEnvironment.a  /home/portilla/Live/live/BasicUsageEnvironment/libBasicUsageEnvironment.a -lSoQt -lqt-mt -lXext -lX11 -lm -lpthread -lavformat -lavcodec '
LIBOBJS=''
LIBS=''
LIBTOOL='$(SHELL) $(top_builddir)/libtool'
LN_S='ln -s'
LTLIBOBJS=''
MAKEINFO='${SHELL} /home/portilla/3T/missing --run makeinfo'
OBJEXT='o'
PACKAGE='client'
PACKAGE_BUGREPORT=''
PACKAGE_NAME=''
PACKAGE_STRING=''
PACKAGE_TARNAME=''
PACKAGE_VERSION=''
PATH_SEPARATOR=':'
RANLIB='ranlib'
SET_MAKE=''
SHELL='/bin/sh'
STRIP='strip'
VERSION='0.1'
ac_ct_CC='gcc'
ac_ct_CXX='g++'
ac_ct_F77=''
am__fastdepCC_FALSE='#'
am__fastdepCC_TRUE=''
am__fastdepCXX_FALSE='#'
am__fastdepCXX_TRUE=''
am__include='include'
am__leading_dot='.'
am__quote=''
bindir='${exec_prefix}/bin'
build='i686-pc-linux-gnu'
build_alias=''
build_cpu='i686'
build_os='linux-gnu'
build_vendor='pc'
datadir='${datarootdir}'
datarootdir='${prefix}/share'
docdir='${datarootdir}/doc/${PACKAGE}'
dvidir='${docdir}'
exec_prefix='${prefix}'
host='i686-pc-linux-gnu'
host_alias=''
host_cpu='i686'
host_os='linux-gnu'
host_vendor='pc'
htmldir='${docdir}'
includedir='${prefix}/include'
infodir='${datarootdir}/info'
install_sh='/home/portilla/3T/install-sh'
libdir='${exec_prefix}/lib'
libexecdir='${exec_prefix}/libexec'
localedir='${datarootdir}/locale'
localstatedir='${prefix}/var'
mandir='${datarootdir}/man'
oldincludedir='/usr/include'
pdfdir='${docdir}'
prefix='/usr/local'
program_transform_name='s,x,x,'
psdir='${docdir}'
sbindir='${exec_prefix}/sbin'
sharedstatedir='${prefix}/com'
sysconfdir='${prefix}/etc'
target_alias=''

## ----------- ##
## confdefs.h. ##
## ----------- ##

#define PACKAGE_NAME ""
#define PACKAGE_TARNAME ""
#define PACKAGE_VERSION ""
#define PACKAGE_STRING ""
#define PACKAGE_BUGREPORT ""
#define PACKAGE "client"
#define VERSION "0.1"
#define STDC_HEADERS 1
#define HAVE_SYS_TYPES_H 1
#define HAVE_SYS_STAT_H 1
#define HAVE_STDLIB_H 1
#define HAVE_STRING_H 1
#define HAVE_MEMORY_H 1
#define HAVE_STRINGS_H 1
#define HAVE_INTTYPES_H 1
#define HAVE_STDINT_H 1
#define HAVE_UNISTD_H 1
#define HAVE_DLFCN_H 1

configure: exit 0
